2018-11-08 21:00:44 INFO  HtmlView:24 - Html страница создана
2018-11-08 21:00:49 INFO  HtmlView:24 - Html страница создана
2018-11-08 21:03:13 INFO  HtmlView:24 - Html страница создана
2018-11-11 15:26:34 INFO  HtmlView:27 - Html страница создана
2018-11-11 15:26:34 INFO  HtmlOfArraylist:85 - Html страница создана
2018-11-11 15:26:44 INFO  HtmlView:27 - Html страница создана
2018-11-11 15:26:44 INFO  HtmlOfArraylist:85 - Html страница создана
2018-11-11 17:36:36 INFO  HtmlView:27 - Html страница создана
2018-11-11 17:36:36 INFO  HtmlOfArraylist:85 - Html страница создана
2018-11-11 17:36:42 INFO  HtmlView:27 - Html страница создана
2018-11-11 17:36:42 INFO  HtmlOfArraylist:85 - Html страница создана
2018-11-11 17:37:21 INFO  HtmlView:27 - Html страница создана
2018-11-11 17:37:21 INFO  HtmlOfArraylist:85 - Html страница создана
2018-11-11 17:39:29 INFO  HtmlView:27 - Html СЃС‚СЂР°РЅРёС†Р° СЃРѕР·РґР°РЅР°
2018-11-11 17:39:29 INFO  HtmlOfArraylist:85 - Html СЃС‚СЂР°РЅРёС†Р° СЃРѕР·РґР°РЅР°
2018-11-11 17:40:20 INFO  HtmlView:27 - Html страница создана
2018-11-11 17:40:20 INFO  HtmlOfArraylist:85 - Html страница создана
2018-11-11 17:42:23 INFO  HtmlView:27 - Html страница создана
2018-11-11 17:42:23 INFO  HtmlOfArraylist:85 - Html страница создана
2018-11-11 17:43:02 INFO  HtmlView:27 - Html СЃС‚СЂР°РЅРёС†Р° СЃРѕР·РґР°РЅР°
2018-11-11 17:43:02 INFO  HtmlOfArraylist:85 - Html СЃС‚СЂР°РЅРёС†Р° СЃРѕР·РґР°РЅР°
2018-11-11 17:43:34 INFO  HtmlView:27 - Html страница создана
2018-11-11 17:43:34 INFO  HtmlOfArraylist:85 - Html страница создана
2018-11-11 17:44:30 INFO  HtmlView:27 - Html страница создана
2018-11-11 17:44:30 INFO  HtmlOfArraylist:85 - Html страница создана
2018-11-11 17:46:56 INFO  HtmlView:27 - Html страница создана
2018-11-11 17:46:56 INFO  HtmlOfArraylist:85 - Html страница создана
2018-11-11 17:50:21 INFO  HtmlView:27 - Html страница создана
2018-11-11 17:50:21 INFO  HtmlOfArraylist:85 - Html страница создана
2018-11-11 17:52:05 INFO  HtmlView:27 - Html страница создана
2018-11-11 17:52:05 INFO  HtmlOfArraylist:85 - Html страница создана
2018-11-11 17:52:57 INFO  HtmlView:27 - Html страница создана
2018-11-11 17:52:57 INFO  HtmlOfArraylist:85 - Html страница создана
2018-11-11 17:58:01 INFO  HtmlView:27 - Html страница создана
2018-11-11 17:58:01 INFO  HtmlOfArraylist:85 - Html страница создана
2018-11-11 18:01:43 INFO  HtmlView:27 - Html страница создана
2018-11-11 18:01:43 INFO  HtmlOfArraylist:85 - Html страница создана
2018-11-11 18:04:03 INFO  HtmlView:27 - Html страница создана
2018-11-11 18:04:03 INFO  HtmlOfArraylist:85 - Html страница создана
2018-11-11 18:05:36 INFO  HtmlView:27 - Html страница создана
2018-11-11 18:05:36 INFO  HtmlOfArraylist:85 - Html страница создана
2018-11-11 18:11:05 INFO  HtmlView:27 - Html СЃС‚СЂР°РЅРёС†Р° СЃРѕР·РґР°РЅР°
2018-11-11 18:11:05 INFO  HtmlOfArraylist:88 - Html СЃС‚СЂР°РЅРёС†Р° СЃРѕР·РґР°РЅР°
2018-11-11 18:12:30 INFO  HtmlView:27 - Html СЃС‚СЂР°РЅРёС†Р° СЃРѕР·РґР°РЅР°
2018-11-11 18:12:30 INFO  HtmlOfArraylist:87 - Html СЃС‚СЂР°РЅРёС†Р° СЃРѕР·РґР°РЅР°
2018-11-11 18:13:10 INFO  HtmlView:27 - Html страница создана
2018-11-11 18:13:10 INFO  HtmlOfArraylist:87 - Html страница создана
2018-11-11 18:13:55 INFO  HtmlView:25 - Html СЃС‚СЂР°РЅРёС†Р° СЃРѕР·РґР°РЅР°
2018-11-11 18:13:55 INFO  HtmlOfArraylist:83 - Html СЃС‚СЂР°РЅРёС†Р° СЃРѕР·РґР°РЅР°
2018-11-11 18:14:07 INFO  HtmlView:25 - Html СЃС‚СЂР°РЅРёС†Р° СЃРѕР·РґР°РЅР°
2018-11-11 18:14:07 INFO  HtmlOfArraylist:83 - Html СЃС‚СЂР°РЅРёС†Р° СЃРѕР·РґР°РЅР°
2018-11-11 18:14:55 INFO  HtmlView:25 - Html СЃС‚СЂР°РЅРёС†Р° СЃРѕР·РґР°РЅР°
2018-11-11 18:14:55 INFO  HtmlOfArraylist:83 - Html СЃС‚СЂР°РЅРёС†Р° СЃРѕР·РґР°РЅР°
2018-11-11 18:15:30 INFO  HtmlView:25 - Html страница создана
2018-11-11 18:15:30 INFO  HtmlOfArraylist:83 - Html страница создана
2018-11-12 21:44:09 INFO  HtmlView:25 - Html СЃС‚СЂР°РЅРёС†Р° СЃРѕР·РґР°РЅР°
2018-11-12 21:44:09 INFO  HtmlOfArraylist:83 - Html СЃС‚СЂР°РЅРёС†Р° СЃРѕР·РґР°РЅР°
2018-11-12 22:17:52 INFO  HtmlView:25 - Html СЃС‚СЂР°РЅРёС†Р° СЃРѕР·РґР°РЅР°
2018-11-12 22:17:52 INFO  HtmlOfArraylist:83 - Html СЃС‚СЂР°РЅРёС†Р° СЃРѕР·РґР°РЅР°
2018-11-12 22:25:30 INFO  HtmlView:25 - Html СЃС‚СЂР°РЅРёС†Р° СЃРѕР·РґР°РЅР°
2018-11-12 22:25:30 INFO  HtmlOfArraylist:83 - Html СЃС‚СЂР°РЅРёС†Р° СЃРѕР·РґР°РЅР°
2018-11-12 22:26:10 INFO  HtmlView:25 - Html СЃС‚СЂР°РЅРёС†Р° СЃРѕР·РґР°РЅР°
2018-11-12 22:26:10 INFO  HtmlOfArraylist:83 - Html СЃС‚СЂР°РЅРёС†Р° СЃРѕР·РґР°РЅР°
2018-11-12 22:26:33 INFO  HtmlView:25 - Html СЃС‚СЂР°РЅРёС†Р° СЃРѕР·РґР°РЅР°
2018-11-12 22:26:33 INFO  HtmlOfArraylist:83 - Html СЃС‚СЂР°РЅРёС†Р° СЃРѕР·РґР°РЅР°
2018-11-12 22:26:56 INFO  HtmlView:25 - Html СЃС‚СЂР°РЅРёС†Р° СЃРѕР·РґР°РЅР°
2018-11-12 22:26:56 INFO  HtmlOfArraylist:83 - Html СЃС‚СЂР°РЅРёС†Р° СЃРѕР·РґР°РЅР°
2018-11-12 22:32:13 INFO  HtmlView:25 - Html СЃС‚СЂР°РЅРёС†Р° СЃРѕР·РґР°РЅР°
2018-11-12 22:32:13 INFO  HtmlOfArraylist:83 - Html СЃС‚СЂР°РЅРёС†Р° СЃРѕР·РґР°РЅР°
2018-11-12 22:32:42 INFO  HtmlView:25 - Html СЃС‚СЂР°РЅРёС†Р° СЃРѕР·РґР°РЅР°
2018-11-12 22:32:42 INFO  HtmlOfArraylist:83 - Html СЃС‚СЂР°РЅРёС†Р° СЃРѕР·РґР°РЅР°
2018-11-12 22:32:55 INFO  HtmlView:25 - Html СЃС‚СЂР°РЅРёС†Р° СЃРѕР·РґР°РЅР°
2018-11-12 22:32:55 INFO  HtmlOfArraylist:83 - Html СЃС‚СЂР°РЅРёС†Р° СЃРѕР·РґР°РЅР°
2018-11-12 22:33:51 INFO  HtmlView:25 - Html СЃС‚СЂР°РЅРёС†Р° СЃРѕР·РґР°РЅР°
2018-11-12 22:33:51 INFO  HtmlOfArraylist:83 - Html СЃС‚СЂР°РЅРёС†Р° СЃРѕР·РґР°РЅР°
2018-11-12 22:34:09 INFO  HtmlView:25 - Html СЃС‚СЂР°РЅРёС†Р° СЃРѕР·РґР°РЅР°
2018-11-12 22:34:09 INFO  HtmlOfArraylist:83 - Html СЃС‚СЂР°РЅРёС†Р° СЃРѕР·РґР°РЅР°
2018-11-12 22:34:30 INFO  HtmlView:25 - Html СЃС‚СЂР°РЅРёС†Р° СЃРѕР·РґР°РЅР°
2018-11-12 22:34:30 INFO  HtmlOfArraylist:83 - Html СЃС‚СЂР°РЅРёС†Р° СЃРѕР·РґР°РЅР°
2018-11-12 22:51:53 INFO  HtmlView:25 - Html СЃС‚СЂР°РЅРёС†Р° СЃРѕР·РґР°РЅР°
2018-11-12 22:51:53 INFO  HtmlOfArraylist:83 - Html СЃС‚СЂР°РЅРёС†Р° СЃРѕР·РґР°РЅР°
2018-11-12 22:53:08 INFO  HtmlView:25 - Html СЃС‚СЂР°РЅРёС†Р° СЃРѕР·РґР°РЅР°
2018-11-12 22:53:08 INFO  HtmlOfArraylist:83 - Html СЃС‚СЂР°РЅРёС†Р° СЃРѕР·РґР°РЅР°
2018-11-12 22:53:44 INFO  HtmlView:25 - Html СЃС‚СЂР°РЅРёС†Р° СЃРѕР·РґР°РЅР°
2018-11-12 22:53:44 INFO  HtmlOfArraylist:83 - Html СЃС‚СЂР°РЅРёС†Р° СЃРѕР·РґР°РЅР°
2018-11-12 22:53:59 INFO  HtmlView:25 - Html СЃС‚СЂР°РЅРёС†Р° СЃРѕР·РґР°РЅР°
2018-11-12 22:53:59 INFO  HtmlOfArraylist:83 - Html СЃС‚СЂР°РЅРёС†Р° СЃРѕР·РґР°РЅР°
2018-11-12 22:54:08 INFO  HtmlView:25 - Html СЃС‚СЂР°РЅРёС†Р° СЃРѕР·РґР°РЅР°
2018-11-12 22:54:08 INFO  HtmlOfArraylist:83 - Html СЃС‚СЂР°РЅРёС†Р° СЃРѕР·РґР°РЅР°
2018-11-12 22:54:24 INFO  HtmlView:25 - Html СЃС‚СЂР°РЅРёС†Р° СЃРѕР·РґР°РЅР°
2018-11-12 22:54:24 INFO  HtmlOfArraylist:83 - Html СЃС‚СЂР°РЅРёС†Р° СЃРѕР·РґР°РЅР°
2018-11-12 22:55:24 INFO  HtmlView:25 - Html СЃС‚СЂР°РЅРёС†Р° СЃРѕР·РґР°РЅР°
2018-11-12 22:55:24 INFO  HtmlOfArraylist:83 - Html СЃС‚СЂР°РЅРёС†Р° СЃРѕР·РґР°РЅР°
2018-11-12 22:56:19 INFO  HtmlView:25 - Html СЃС‚СЂР°РЅРёС†Р° СЃРѕР·РґР°РЅР°
2018-11-12 22:56:19 INFO  HtmlOfArraylist:83 - Html СЃС‚СЂР°РЅРёС†Р° СЃРѕР·РґР°РЅР°
2018-11-12 22:56:43 INFO  HtmlView:25 - Html СЃС‚СЂР°РЅРёС†Р° СЃРѕР·РґР°РЅР°
2018-11-12 22:56:43 INFO  HtmlOfArraylist:83 - Html СЃС‚СЂР°РЅРёС†Р° СЃРѕР·РґР°РЅР°
2018-11-12 22:57:04 INFO  HtmlView:25 - Html СЃС‚СЂР°РЅРёС†Р° СЃРѕР·РґР°РЅР°
2018-11-12 22:57:04 INFO  HtmlOfArraylist:83 - Html СЃС‚СЂР°РЅРёС†Р° СЃРѕР·РґР°РЅР°
2018-11-12 22:57:23 INFO  HtmlView:25 - Html СЃС‚СЂР°РЅРёС†Р° СЃРѕР·РґР°РЅР°
2018-11-12 22:57:23 INFO  HtmlOfArraylist:83 - Html СЃС‚СЂР°РЅРёС†Р° СЃРѕР·РґР°РЅР°
2018-11-12 22:58:10 INFO  HtmlView:25 - Html СЃС‚СЂР°РЅРёС†Р° СЃРѕР·РґР°РЅР°
2018-11-12 22:58:10 INFO  HtmlOfArraylist:83 - Html СЃС‚СЂР°РЅРёС†Р° СЃРѕР·РґР°РЅР°
2018-11-12 22:58:38 INFO  HtmlView:25 - Html СЃС‚СЂР°РЅРёС†Р° СЃРѕР·РґР°РЅР°
2018-11-12 22:58:38 INFO  HtmlOfArraylist:83 - Html СЃС‚СЂР°РЅРёС†Р° СЃРѕР·РґР°РЅР°
2018-11-12 23:00:05 INFO  HtmlView:25 - Html СЃС‚СЂР°РЅРёС†Р° СЃРѕР·РґР°РЅР°
2018-11-12 23:00:05 INFO  HtmlOfArraylist:83 - Html СЃС‚СЂР°РЅРёС†Р° СЃРѕР·РґР°РЅР°
2018-11-12 23:00:23 INFO  HtmlView:25 - Html СЃС‚СЂР°РЅРёС†Р° СЃРѕР·РґР°РЅР°
2018-11-12 23:00:23 INFO  HtmlOfArraylist:83 - Html СЃС‚СЂР°РЅРёС†Р° СЃРѕР·РґР°РЅР°
2018-11-12 23:03:40 INFO  HtmlView:25 - Html СЃС‚СЂР°РЅРёС†Р° СЃРѕР·РґР°РЅР°
2018-11-12 23:03:40 INFO  HtmlOfArraylist:83 - Html СЃС‚СЂР°РЅРёС†Р° СЃРѕР·РґР°РЅР°
2018-11-12 23:04:16 INFO  HtmlView:25 - Html СЃС‚СЂР°РЅРёС†Р° СЃРѕР·РґР°РЅР°
2018-11-12 23:04:16 INFO  HtmlOfArraylist:83 - Html СЃС‚СЂР°РЅРёС†Р° СЃРѕР·РґР°РЅР°
2018-11-12 23:04:27 INFO  HtmlView:25 - Html СЃС‚СЂР°РЅРёС†Р° СЃРѕР·РґР°РЅР°
2018-11-12 23:04:27 INFO  HtmlOfArraylist:83 - Html СЃС‚СЂР°РЅРёС†Р° СЃРѕР·РґР°РЅР°
2018-11-12 23:07:01 INFO  HtmlView:25 - Html СЃС‚СЂР°РЅРёС†Р° СЃРѕР·РґР°РЅР°
2018-11-12 23:07:01 INFO  HtmlOfArraylist:83 - Html СЃС‚СЂР°РЅРёС†Р° СЃРѕР·РґР°РЅР°
2018-11-12 23:07:58 INFO  HtmlView:25 - Html СЃС‚СЂР°РЅРёС†Р° СЃРѕР·РґР°РЅР°
2018-11-12 23:07:58 INFO  HtmlOfArraylist:83 - Html СЃС‚СЂР°РЅРёС†Р° СЃРѕР·РґР°РЅР°
2018-11-12 23:18:32 INFO  HtmlView:25 - Html СЃС‚СЂР°РЅРёС†Р° СЃРѕР·РґР°РЅР°
2018-11-12 23:18:32 INFO  HtmlOfArraylist:83 - Html СЃС‚СЂР°РЅРёС†Р° СЃРѕР·РґР°РЅР°
2018-11-12 23:22:43 INFO  HtmlView:25 - Html СЃС‚СЂР°РЅРёС†Р° СЃРѕР·РґР°РЅР°
2018-11-12 23:22:43 INFO  HtmlOfArraylist:83 - Html СЃС‚СЂР°РЅРёС†Р° СЃРѕР·РґР°РЅР°
2018-11-12 23:23:02 INFO  HtmlView:25 - Html СЃС‚СЂР°РЅРёС†Р° СЃРѕР·РґР°РЅР°
2018-11-12 23:23:02 INFO  HtmlOfArraylist:83 - Html СЃС‚СЂР°РЅРёС†Р° СЃРѕР·РґР°РЅР°
2018-11-12 23:29:51 INFO  HtmlView:25 - Html СЃС‚СЂР°РЅРёС†Р° СЃРѕР·РґР°РЅР°
2018-11-12 23:29:51 INFO  HtmlOfArraylist:83 - Html СЃС‚СЂР°РЅРёС†Р° СЃРѕР·РґР°РЅР°
2018-11-13 20:18:20 INFO  HtmlView:25 - Html СЃС‚СЂР°РЅРёС†Р° СЃРѕР·РґР°РЅР°
2018-11-13 20:18:20 INFO  HtmlOfArraylist:83 - Html СЃС‚СЂР°РЅРёС†Р° СЃРѕР·РґР°РЅР°
2018-11-13 20:18:57 INFO  HtmlView:25 - Html СЃС‚СЂР°РЅРёС†Р° СЃРѕР·РґР°РЅР°
2018-11-13 20:18:57 INFO  HtmlOfArraylist:83 - Html СЃС‚СЂР°РЅРёС†Р° СЃРѕР·РґР°РЅР°
2018-11-13 20:22:41 INFO  HtmlView:25 - Html СЃС‚СЂР°РЅРёС†Р° СЃРѕР·РґР°РЅР°
2018-11-13 20:22:41 INFO  HtmlOfArraylist:83 - Html СЃС‚СЂР°РЅРёС†Р° СЃРѕР·РґР°РЅР°
2018-11-13 20:32:32 INFO  HtmlView:25 - Html СЃС‚СЂР°РЅРёС†Р° СЃРѕР·РґР°РЅР°
2018-11-13 20:32:32 INFO  HtmlOfArraylist:83 - Html СЃС‚СЂР°РЅРёС†Р° СЃРѕР·РґР°РЅР°
2018-11-13 20:33:11 INFO  HtmlView:25 - Html СЃС‚СЂР°РЅРёС†Р° СЃРѕР·РґР°РЅР°
2018-11-13 20:33:11 INFO  HtmlOfArraylist:83 - Html СЃС‚СЂР°РЅРёС†Р° СЃРѕР·РґР°РЅР°
2018-11-13 20:35:06 INFO  HtmlView:25 - Html СЃС‚СЂР°РЅРёС†Р° СЃРѕР·РґР°РЅР°
2018-11-13 20:35:06 INFO  HtmlOfArraylist:83 - Html СЃС‚СЂР°РЅРёС†Р° СЃРѕР·РґР°РЅР°
2018-11-13 20:35:28 INFO  HtmlView:25 - Html СЃС‚СЂР°РЅРёС†Р° СЃРѕР·РґР°РЅР°
2018-11-13 20:35:28 INFO  HtmlOfArraylist:83 - Html СЃС‚СЂР°РЅРёС†Р° СЃРѕР·РґР°РЅР°
2018-11-13 20:36:10 INFO  HtmlView:25 - Html СЃС‚СЂР°РЅРёС†Р° СЃРѕР·РґР°РЅР°
2018-11-13 20:36:10 INFO  HtmlOfArraylist:83 - Html СЃС‚СЂР°РЅРёС†Р° СЃРѕР·РґР°РЅР°
2018-11-13 20:38:36 INFO  HtmlView:25 - Html СЃС‚СЂР°РЅРёС†Р° СЃРѕР·РґР°РЅР°
2018-11-13 20:38:36 INFO  HtmlOfArraylist:83 - Html СЃС‚СЂР°РЅРёС†Р° СЃРѕР·РґР°РЅР°
2018-11-13 20:43:09 INFO  HtmlView:25 - Html СЃС‚СЂР°РЅРёС†Р° СЃРѕР·РґР°РЅР°
2018-11-13 20:43:09 INFO  HtmlOfArraylist:83 - Html СЃС‚СЂР°РЅРёС†Р° СЃРѕР·РґР°РЅР°
2018-11-13 20:54:30 INFO  HtmlView:25 - Html СЃС‚СЂР°РЅРёС†Р° СЃРѕР·РґР°РЅР°
2018-11-13 20:54:30 INFO  HtmlOfArraylist:83 - Html СЃС‚СЂР°РЅРёС†Р° СЃРѕР·РґР°РЅР°
2018-11-13 20:55:23 INFO  HtmlView:25 - Html СЃС‚СЂР°РЅРёС†Р° СЃРѕР·РґР°РЅР°
2018-11-13 20:55:23 INFO  HtmlOfArraylist:83 - Html СЃС‚СЂР°РЅРёС†Р° СЃРѕР·РґР°РЅР°
2018-11-13 20:59:07 INFO  HtmlView:25 - Html СЃС‚СЂР°РЅРёС†Р° СЃРѕР·РґР°РЅР°
2018-11-13 20:59:08 INFO  HtmlOfArraylist:83 - Html СЃС‚СЂР°РЅРёС†Р° СЃРѕР·РґР°РЅР°
2018-11-13 21:00:20 INFO  HtmlView:25 - Html СЃС‚СЂР°РЅРёС†Р° СЃРѕР·РґР°РЅР°
2018-11-13 21:00:20 INFO  HtmlOfArraylist:83 - Html СЃС‚СЂР°РЅРёС†Р° СЃРѕР·РґР°РЅР°
2018-11-13 21:02:46 INFO  HtmlView:25 - Html СЃС‚СЂР°РЅРёС†Р° СЃРѕР·РґР°РЅР°
2018-11-13 21:02:46 INFO  HtmlOfArraylist:83 - Html СЃС‚СЂР°РЅРёС†Р° СЃРѕР·РґР°РЅР°
2018-11-13 21:03:19 INFO  HtmlView:25 - Html СЃС‚СЂР°РЅРёС†Р° СЃРѕР·РґР°РЅР°
2018-11-13 21:03:19 INFO  HtmlOfArraylist:83 - Html СЃС‚СЂР°РЅРёС†Р° СЃРѕР·РґР°РЅР°
2018-11-13 21:07:25 INFO  HtmlView:25 - Html СЃС‚СЂР°РЅРёС†Р° СЃРѕР·РґР°РЅР°
2018-11-13 21:07:26 INFO  HtmlOfArraylist:83 - Html СЃС‚СЂР°РЅРёС†Р° СЃРѕР·РґР°РЅР°
2018-11-13 21:09:06 INFO  HtmlView:25 - Html СЃС‚СЂР°РЅРёС†Р° СЃРѕР·РґР°РЅР°
2018-11-13 21:09:06 INFO  HtmlOfArraylist:83 - Html СЃС‚СЂР°РЅРёС†Р° СЃРѕР·РґР°РЅР°
2018-11-13 21:09:59 INFO  HtmlView:25 - Html СЃС‚СЂР°РЅРёС†Р° СЃРѕР·РґР°РЅР°
2018-11-13 21:09:59 INFO  HtmlOfArraylist:83 - Html СЃС‚СЂР°РЅРёС†Р° СЃРѕР·РґР°РЅР°
2018-11-13 21:14:03 INFO  HtmlView:25 - Html СЃС‚СЂР°РЅРёС†Р° СЃРѕР·РґР°РЅР°
2018-11-13 21:14:03 INFO  HtmlOfArraylist:83 - Html СЃС‚СЂР°РЅРёС†Р° СЃРѕР·РґР°РЅР°
2018-11-13 21:15:13 INFO  HtmlView:25 - Html СЃС‚СЂР°РЅРёС†Р° СЃРѕР·РґР°РЅР°
2018-11-13 21:15:13 INFO  HtmlOfArraylist:83 - Html СЃС‚СЂР°РЅРёС†Р° СЃРѕР·РґР°РЅР°
2018-11-13 21:15:52 INFO  HtmlView:25 - Html СЃС‚СЂР°РЅРёС†Р° СЃРѕР·РґР°РЅР°
2018-11-13 21:15:52 INFO  HtmlOfArraylist:83 - Html СЃС‚СЂР°РЅРёС†Р° СЃРѕР·РґР°РЅР°
2018-11-13 21:16:35 INFO  HtmlView:25 - Html СЃС‚СЂР°РЅРёС†Р° СЃРѕР·РґР°РЅР°
2018-11-13 21:16:35 INFO  HtmlOfArraylist:83 - Html СЃС‚СЂР°РЅРёС†Р° СЃРѕР·РґР°РЅР°
2018-11-13 21:17:46 INFO  HtmlView:25 - Html СЃС‚СЂР°РЅРёС†Р° СЃРѕР·РґР°РЅР°
2018-11-13 21:17:46 INFO  HtmlOfArraylist:83 - Html СЃС‚СЂР°РЅРёС†Р° СЃРѕР·РґР°РЅР°
2018-11-13 21:19:48 INFO  HtmlView:25 - Html СЃС‚СЂР°РЅРёС†Р° СЃРѕР·РґР°РЅР°
2018-11-13 21:19:48 INFO  HtmlOfArraylist:83 - Html СЃС‚СЂР°РЅРёС†Р° СЃРѕР·РґР°РЅР°
2018-11-13 21:20:19 INFO  HtmlView:25 - Html СЃС‚СЂР°РЅРёС†Р° СЃРѕР·РґР°РЅР°
2018-11-13 21:20:19 INFO  HtmlOfArraylist:83 - Html СЃС‚СЂР°РЅРёС†Р° СЃРѕР·РґР°РЅР°
2018-11-13 21:21:11 INFO  HtmlView:25 - Html СЃС‚СЂР°РЅРёС†Р° СЃРѕР·РґР°РЅР°
2018-11-13 21:21:12 INFO  HtmlOfArraylist:83 - Html СЃС‚СЂР°РЅРёС†Р° СЃРѕР·РґР°РЅР°
2018-11-13 21:21:49 INFO  HtmlView:25 - Html СЃС‚СЂР°РЅРёС†Р° СЃРѕР·РґР°РЅР°
2018-11-13 21:21:49 INFO  HtmlOfArraylist:83 - Html СЃС‚СЂР°РЅРёС†Р° СЃРѕР·РґР°РЅР°
2018-11-13 21:35:07 INFO  HtmlView:25 - Html СЃС‚СЂР°РЅРёС†Р° СЃРѕР·РґР°РЅР°
2018-11-13 21:35:07 INFO  HtmlOfArraylist:83 - Html СЃС‚СЂР°РЅРёС†Р° СЃРѕР·РґР°РЅР°
2018-11-13 21:36:37 INFO  HtmlView:25 - Html СЃС‚СЂР°РЅРёС†Р° СЃРѕР·РґР°РЅР°
2018-11-13 21:36:37 INFO  HtmlOfArraylist:83 - Html СЃС‚СЂР°РЅРёС†Р° СЃРѕР·РґР°РЅР°
2018-11-13 21:37:26 INFO  HtmlView:25 - Html СЃС‚СЂР°РЅРёС†Р° СЃРѕР·РґР°РЅР°
2018-11-13 21:37:26 INFO  HtmlOfArraylist:83 - Html СЃС‚СЂР°РЅРёС†Р° СЃРѕР·РґР°РЅР°
2018-11-13 21:43:15 INFO  HtmlView:25 - Html СЃС‚СЂР°РЅРёС†Р° СЃРѕР·РґР°РЅР°
2018-11-13 21:43:15 INFO  HtmlOfArraylist:83 - Html СЃС‚СЂР°РЅРёС†Р° СЃРѕР·РґР°РЅР°
2018-11-13 21:43:46 INFO  HtmlView:25 - Html СЃС‚СЂР°РЅРёС†Р° СЃРѕР·РґР°РЅР°
2018-11-13 21:43:46 INFO  HtmlOfArraylist:83 - Html СЃС‚СЂР°РЅРёС†Р° СЃРѕР·РґР°РЅР°
2018-11-13 21:46:10 INFO  HtmlView:25 - Html СЃС‚СЂР°РЅРёС†Р° СЃРѕР·РґР°РЅР°
2018-11-13 21:46:10 INFO  HtmlOfArraylist:83 - Html СЃС‚СЂР°РЅРёС†Р° СЃРѕР·РґР°РЅР°
2018-11-13 21:46:42 INFO  HtmlView:25 - Html СЃС‚СЂР°РЅРёС†Р° СЃРѕР·РґР°РЅР°
2018-11-13 21:46:42 INFO  HtmlOfArraylist:83 - Html СЃС‚СЂР°РЅРёС†Р° СЃРѕР·РґР°РЅР°
2018-11-13 21:47:01 INFO  HtmlView:25 - Html СЃС‚СЂР°РЅРёС†Р° СЃРѕР·РґР°РЅР°
2018-11-13 21:47:01 INFO  HtmlOfArraylist:83 - Html СЃС‚СЂР°РЅРёС†Р° СЃРѕР·РґР°РЅР°
2018-11-13 21:48:31 INFO  HtmlView:25 - Html СЃС‚СЂР°РЅРёС†Р° СЃРѕР·РґР°РЅР°
2018-11-13 21:48:31 INFO  HtmlOfArraylist:83 - Html СЃС‚СЂР°РЅРёС†Р° СЃРѕР·РґР°РЅР°
2018-11-13 21:54:57 INFO  HtmlView:25 - Html СЃС‚СЂР°РЅРёС†Р° СЃРѕР·РґР°РЅР°
2018-11-13 21:54:57 INFO  HtmlOfArraylist:83 - Html СЃС‚СЂР°РЅРёС†Р° СЃРѕР·РґР°РЅР°
2018-11-13 21:55:42 INFO  HtmlView:25 - Html СЃС‚СЂР°РЅРёС†Р° СЃРѕР·РґР°РЅР°
2018-11-13 21:55:42 INFO  HtmlOfArraylist:83 - Html СЃС‚СЂР°РЅРёС†Р° СЃРѕР·РґР°РЅР°
2018-11-13 21:55:58 INFO  HtmlView:25 - Html СЃС‚СЂР°РЅРёС†Р° СЃРѕР·РґР°РЅР°
2018-11-13 21:55:58 INFO  HtmlOfArraylist:83 - Html СЃС‚СЂР°РЅРёС†Р° СЃРѕР·РґР°РЅР°
2018-11-13 21:57:35 INFO  HtmlView:27 - Html СЃС‚СЂР°РЅРёС†Р° СЃРѕР·РґР°РЅР°
2018-11-13 21:57:35 INFO  HtmlOfArraylist:83 - Html СЃС‚СЂР°РЅРёС†Р° СЃРѕР·РґР°РЅР°
2018-11-13 21:58:44 INFO  HtmlView:27 - Html СЃС‚СЂР°РЅРёС†Р° СЃРѕР·РґР°РЅР°
2018-11-13 21:58:44 INFO  HtmlOfArraylist:83 - Html СЃС‚СЂР°РЅРёС†Р° СЃРѕР·РґР°РЅР°
2018-11-13 22:00:19 INFO  HtmlView:27 - Html СЃС‚СЂР°РЅРёС†Р° СЃРѕР·РґР°РЅР°
2018-11-13 22:00:19 INFO  HtmlOfArraylist:83 - Html СЃС‚СЂР°РЅРёС†Р° СЃРѕР·РґР°РЅР°
2018-11-13 22:12:57 INFO  HtmlView:27 - Html СЃС‚СЂР°РЅРёС†Р° СЃРѕР·РґР°РЅР°
2018-11-13 22:12:57 INFO  HtmlOfArraylist:83 - Html СЃС‚СЂР°РЅРёС†Р° СЃРѕР·РґР°РЅР°
2018-11-13 22:24:03 INFO  HtmlView:27 - Html СЃС‚СЂР°РЅРёС†Р° СЃРѕР·РґР°РЅР°
2018-11-13 22:24:03 INFO  HtmlOfArraylist:88 - Html СЃС‚СЂР°РЅРёС†Р° СЃРѕР·РґР°РЅР°
2018-11-13 22:25:02 INFO  HtmlView:27 - Html СЃС‚СЂР°РЅРёС†Р° СЃРѕР·РґР°РЅР°
2018-11-13 22:25:02 INFO  HtmlOfArraylist:88 - Html СЃС‚СЂР°РЅРёС†Р° СЃРѕР·РґР°РЅР°
2018-11-13 22:25:28 INFO  HtmlView:27 - Html СЃС‚СЂР°РЅРёС†Р° СЃРѕР·РґР°РЅР°
2018-11-13 22:25:28 INFO  HtmlOfArraylist:88 - Html СЃС‚СЂР°РЅРёС†Р° СЃРѕР·РґР°РЅР°
2018-11-13 22:26:51 INFO  HtmlView:27 - Html СЃС‚СЂР°РЅРёС†Р° СЃРѕР·РґР°РЅР°
2018-11-13 22:26:51 INFO  HtmlOfArraylist:88 - Html СЃС‚СЂР°РЅРёС†Р° СЃРѕР·РґР°РЅР°
2018-11-13 22:27:07 INFO  HtmlView:27 - Html СЃС‚СЂР°РЅРёС†Р° СЃРѕР·РґР°РЅР°
2018-11-13 22:27:07 INFO  HtmlOfArraylist:88 - Html СЃС‚СЂР°РЅРёС†Р° СЃРѕР·РґР°РЅР°
2018-11-13 22:27:22 INFO  HtmlView:27 - Html СЃС‚СЂР°РЅРёС†Р° СЃРѕР·РґР°РЅР°
2018-11-13 22:27:22 INFO  HtmlOfArraylist:88 - Html СЃС‚СЂР°РЅРёС†Р° СЃРѕР·РґР°РЅР°
2018-11-13 22:27:52 INFO  HtmlView:27 - Html СЃС‚СЂР°РЅРёС†Р° СЃРѕР·РґР°РЅР°
2018-11-13 22:27:52 INFO  HtmlOfArraylist:88 - Html СЃС‚СЂР°РЅРёС†Р° СЃРѕР·РґР°РЅР°
2018-11-13 22:29:17 INFO  HtmlView:27 - Html СЃС‚СЂР°РЅРёС†Р° СЃРѕР·РґР°РЅР°
2018-11-13 22:29:17 INFO  HtmlOfArraylist:88 - Html СЃС‚СЂР°РЅРёС†Р° СЃРѕР·РґР°РЅР°
2018-11-13 22:31:26 INFO  HtmlView:27 - Html СЃС‚СЂР°РЅРёС†Р° СЃРѕР·РґР°РЅР°
2018-11-13 22:31:26 INFO  HtmlOfArraylist:89 - Html СЃС‚СЂР°РЅРёС†Р° СЃРѕР·РґР°РЅР°
2018-11-13 22:31:43 INFO  HtmlView:27 - Html СЃС‚СЂР°РЅРёС†Р° СЃРѕР·РґР°РЅР°
2018-11-13 22:31:43 INFO  HtmlOfArraylist:89 - Html СЃС‚СЂР°РЅРёС†Р° СЃРѕР·РґР°РЅР°
2018-11-13 22:35:42 INFO  HtmlView:27 - Html СЃС‚СЂР°РЅРёС†Р° СЃРѕР·РґР°РЅР°
2018-11-13 22:35:42 INFO  HtmlOfArraylist:93 - Html СЃС‚СЂР°РЅРёС†Р° СЃРѕР·РґР°РЅР°
2018-11-13 22:36:23 INFO  HtmlView:27 - Html СЃС‚СЂР°РЅРёС†Р° СЃРѕР·РґР°РЅР°
2018-11-13 22:36:23 INFO  HtmlOfArraylist:97 - Html СЃС‚СЂР°РЅРёС†Р° СЃРѕР·РґР°РЅР°
2018-11-13 22:36:42 INFO  HtmlView:27 - Html СЃС‚СЂР°РЅРёС†Р° СЃРѕР·РґР°РЅР°
2018-11-13 22:36:42 INFO  HtmlOfArraylist:101 - Html СЃС‚СЂР°РЅРёС†Р° СЃРѕР·РґР°РЅР°
2018-11-13 22:37:32 INFO  HtmlView:27 - Html СЃС‚СЂР°РЅРёС†Р° СЃРѕР·РґР°РЅР°
2018-11-13 22:37:32 INFO  HtmlOfArraylist:101 - Html СЃС‚СЂР°РЅРёС†Р° СЃРѕР·РґР°РЅР°
2018-11-13 22:38:03 INFO  HtmlView:27 - Html СЃС‚СЂР°РЅРёС†Р° СЃРѕР·РґР°РЅР°
2018-11-13 22:38:03 INFO  HtmlOfArraylist:101 - Html СЃС‚СЂР°РЅРёС†Р° СЃРѕР·РґР°РЅР°
2018-11-13 22:38:49 INFO  HtmlView:27 - Html СЃС‚СЂР°РЅРёС†Р° СЃРѕР·РґР°РЅР°
2018-11-13 22:38:49 INFO  HtmlOfArraylist:101 - Html СЃС‚СЂР°РЅРёС†Р° СЃРѕР·РґР°РЅР°
2018-11-13 22:42:38 INFO  HtmlView:27 - Html СЃС‚СЂР°РЅРёС†Р° СЃРѕР·РґР°РЅР°
2018-11-13 22:42:38 INFO  HtmlOfArraylist:101 - Html СЃС‚СЂР°РЅРёС†Р° СЃРѕР·РґР°РЅР°
2018-11-13 22:44:49 INFO  HtmlView:27 - Html СЃС‚СЂР°РЅРёС†Р° СЃРѕР·РґР°РЅР°
2018-11-13 22:44:49 INFO  HtmlOfArraylist:101 - Html СЃС‚СЂР°РЅРёС†Р° СЃРѕР·РґР°РЅР°
2018-11-13 22:46:57 INFO  HtmlView:27 - Html СЃС‚СЂР°РЅРёС†Р° СЃРѕР·РґР°РЅР°
2018-11-13 22:46:57 INFO  HtmlOfArraylist:98 - Html СЃС‚СЂР°РЅРёС†Р° СЃРѕР·РґР°РЅР°
2018-11-13 22:55:05 INFO  HtmlView:27 - Html СЃС‚СЂР°РЅРёС†Р° СЃРѕР·РґР°РЅР°
2018-11-13 22:55:05 INFO  HtmlOfArraylist:51 - Html СЃС‚СЂР°РЅРёС†Р° СЃРѕР·РґР°РЅР°
2018-11-13 22:58:19 INFO  HtmlView:27 - Html СЃС‚СЂР°РЅРёС†Р° СЃРѕР·РґР°РЅР°
2018-11-13 22:58:20 INFO  HtmlOfArraylist:39 - Html СЃС‚СЂР°РЅРёС†Р° СЃРѕР·РґР°РЅР°
2018-11-13 22:59:15 INFO  HtmlView:27 - Html СЃС‚СЂР°РЅРёС†Р° СЃРѕР·РґР°РЅР°
2018-11-13 22:59:15 INFO  HtmlOfArraylist:39 - Html СЃС‚СЂР°РЅРёС†Р° СЃРѕР·РґР°РЅР°
2018-11-13 22:59:30 INFO  HtmlView:27 - Html СЃС‚СЂР°РЅРёС†Р° СЃРѕР·РґР°РЅР°
2018-11-13 22:59:30 INFO  HtmlOfArraylist:39 - Html СЃС‚СЂР°РЅРёС†Р° СЃРѕР·РґР°РЅР°
2018-11-13 22:59:55 INFO  HtmlView:27 - Html СЃС‚СЂР°РЅРёС†Р° СЃРѕР·РґР°РЅР°
2018-11-13 22:59:55 INFO  HtmlOfArraylist:39 - Html СЃС‚СЂР°РЅРёС†Р° СЃРѕР·РґР°РЅР°
2018-11-13 23:00:22 INFO  HtmlView:27 - Html СЃС‚СЂР°РЅРёС†Р° СЃРѕР·РґР°РЅР°
2018-11-13 23:00:22 INFO  HtmlOfArraylist:39 - Html СЃС‚СЂР°РЅРёС†Р° СЃРѕР·РґР°РЅР°
2018-11-13 23:01:07 INFO  HtmlView:27 - Html СЃС‚СЂР°РЅРёС†Р° СЃРѕР·РґР°РЅР°
2018-11-13 23:01:07 INFO  HtmlOfArraylist:39 - Html СЃС‚СЂР°РЅРёС†Р° СЃРѕР·РґР°РЅР°
2018-11-13 23:04:11 INFO  HtmlView:27 - Html СЃС‚СЂР°РЅРёС†Р° СЃРѕР·РґР°РЅР°
2018-11-13 23:04:11 INFO  HtmlOfArraylist:38 - Html СЃС‚СЂР°РЅРёС†Р° СЃРѕР·РґР°РЅР°
2018-11-13 23:13:18 INFO  HtmlView:27 - Html СЃС‚СЂР°РЅРёС†Р° СЃРѕР·РґР°РЅР°
2018-11-13 23:13:18 INFO  HtmlOfArraylist:38 - Html СЃС‚СЂР°РЅРёС†Р° СЃРѕР·РґР°РЅР°
2018-11-13 23:15:05 INFO  HtmlView:27 - Html ???????°???????° ?????·???°???°
2018-11-13 23:15:05 INFO  HtmlOfArraylist:38 - Html ???????°???????° ?????·???°???°
2018-11-13 23:15:09 INFO  HtmlView:27 - Html ???????°???????° ?????·???°???°
2018-11-13 23:15:09 INFO  HtmlOfArraylist:38 - Html ???????°???????° ?????·???°???°
2018-11-13 23:16:45 INFO  HtmlView:27 - Html Г‘ВЃГ‘В‚Г‘ВЂГђВ°ГђВЅГђВёГ‘В†ГђВ° Г‘ВЃГђВѕГђВ·ГђВґГђВ°ГђВЅГђВ°
2018-11-13 23:16:45 INFO  HtmlOfArraylist:38 - Html Г‘ВЃГ‘В‚Г‘ВЂГђВ°ГђВЅГђВёГ‘В†ГђВ° Г‘ВЃГђВѕГђВ·ГђВґГђВ°ГђВЅГђВ°
2018-11-13 23:17:36 INFO  HtmlView:27 - Html Г‘ВЃГ‘В‚Г‘ВЂГђВ°ГђВЅГђВёГ‘В†ГђВ° Г‘ВЃГђВѕГђВ·ГђВґГђВ°ГђВЅГђВ°
2018-11-13 23:17:36 INFO  HtmlOfArraylist:38 - Html Г‘ВЃГ‘В‚Г‘ВЂГђВ°ГђВЅГђВёГ‘В†ГђВ° Г‘ВЃГђВѕГђВ·ГђВґГђВ°ГђВЅГђВ°
2018-11-13 23:18:33 INFO  HtmlView:27 - Html Г‘ВЃГ‘В‚Г‘ВЂГђВ°ГђВЅГђВёГ‘В†ГђВ° Г‘ВЃГђВѕГђВ·ГђВґГђВ°ГђВЅГђВ°
2018-11-13 23:18:33 INFO  HtmlOfArraylist:38 - Html Г‘ВЃГ‘В‚Г‘ВЂГђВ°ГђВЅГђВёГ‘В†ГђВ° Г‘ВЃГђВѕГђВ·ГђВґГђВ°ГђВЅГђВ°
2018-11-13 23:19:31 INFO  HtmlView:27 - Html страница создана
2018-11-13 23:19:31 INFO  HtmlOfArraylist:38 - Html страница создана
2018-11-13 23:20:01 INFO  HtmlView:27 - Html СЃС‚СЂР°РЅРёС†Р° СЃРѕР·РґР°РЅР°
2018-11-13 23:20:01 INFO  HtmlOfArraylist:38 - Html СЃС‚СЂР°РЅРёС†Р° СЃРѕР·РґР°РЅР°
